Added Pin To Net: NetName=GND Pin=C1-2
Added Pin To Net: NetName=GND Pin=C2-2
Added Pin To Net: NetName=GND Pin=J0-1
Added Pin To Net: NetName=GND Pin=J1-1
Added Pin To Net: NetName=GND Pin=J2-1
Added Pin To Net: NetName=GND Pin=U1-1
Added Net: Name=GND
Added Pin To Net: NetName=NetJ0_2 Pin=J0-2
Added Pin To Net: NetName=NetJ0_2 Pin=J2-11
Added Pin To Net: NetName=NetJ0_2 Pin=R1-2
Added Net: Name=NetJ0_2
Added Pin To Net: NetName=PB1 Pin=J1-3
Added Pin To Net: NetName=PB1 Pin=J2-17
Added Net: Name=PB1
Added Pin To Net: NetName=PB2 Pin=J1-4
Added Pin To Net: NetName=PB2 Pin=J2-18
Added Net: Name=PB2
Added Pin To Net: NetName=PB3 Pin=J1-6
Added Pin To Net: NetName=PB3 Pin=J2-19
Added Net: Name=PB3
Added Pin To Net: NetName=PB4 Pin=J1-7
Added Pin To Net: NetName=PB4 Pin=J2-20
Added Net: Name=PB4
Added Pin To Net: NetName=PB5 Pin=J1-5
Added Pin To Net: NetName=PB5 Pin=J2-21
Added Net: Name=PB5
Added Pin To Net: NetName=PD2 Pin=J1-8
Added Pin To Net: NetName=PD2 Pin=J2-10
Added Net: Name=PD2
Added Pin To Net: NetName=VCC3.3 Pin=C2-1
Added Pin To Net: NetName=VCC3.3 Pin=J1-2
Added Pin To Net: NetName=VCC3.3 Pin=U1-2
Added Net: Name=VCC3.3
Added Pin To Net: NetName=VCC Pin=C1-1
Added Pin To Net: NetName=VCC Pin=J0-3
Added Pin To Net: NetName=VCC Pin=J2-3
Added Pin To Net: NetName=VCC Pin=R1-1
Added Pin To Net: NetName=VCC Pin=U1-3
Added Net: Name=VCC
Added Class: Name=TempSensorDisplay
Added Room: Name=TempSensorDisplay
